[running at reduced cpu priority]
--------------------------------------------------------------------------------
JobId          : Davides-MacBook-Pro-0-59dc5857
Name           : phase_pharm_1
Program        : None
MMshareExec    : /opt/schrodinger/suites2017-3/mmshare-v3.9/bin/Darwin-x86_64
Host           : Davides-MacBook-Pro.local
Dir            : /Users/davideprovasi/Desktop/CADD17/CADD_new_material/Tutorials/02-2-Pharmacophore/output/phase_pharm_1
HostEntry      : localhost
JobHost        : Davides-MacBook-Pro.local
JobDir         : /Users/davideprovasi/.schrodinger/tmp/phase_pharm_1
JobMMshareExec : /opt/schrodinger/suites2017-3/mmshare-v3.9/bin/Darwin-x86_64
Commandline    : /opt/schrodinger/suites2017-3/utilities/phase_hypothesis phase_pharm_1.inp -HOST localhost:1 -PROJ /Users/davideprovasi/Desktop/CADD17/CADD_new_material/Tutorials/02-2-Pharmacophore/output/pharmacophore_modeling.prj -VIEWNAME phase.phase_gui_dir.phase_workflows.MultipleLigandsWorkflow -DISP append -ATTACHED -TMPLAUNCHDIR
StartTime      : 2017-10-10-01:19:19
--------------------------------------------------------------------------------

Input Settings for phase_hypothesis:
--------------------------------------
APPEND_EXCLUDED_VOLUMES = False
FEATURE_DEFINITION_FILE = phase_pharm_1.def
FEATURE_FREQUENCY_A = [1, 1]
FEATURE_FREQUENCY_D = [1, 1]
FEATURE_FREQUENCY_H = [0, 3]
FEATURE_FREQUENCY_N = [0, 3]
FEATURE_FREQUENCY_P = [0, 3]
FEATURE_FREQUENCY_R = [2, 3]
FEATURE_FREQUENCY_X = [0, 3]
FEATURE_FREQUENCY_Y = [0, 3]
FEATURE_FREQUENCY_Z = [0, 3]
FEATURE_TOLERANCE_A = 2.0
FEATURE_TOLERANCE_D = 2.0
FEATURE_TOLERANCE_H = 2.0
FEATURE_TOLERANCE_N = 2.0
FEATURE_TOLERANCE_P = 2.0
FEATURE_TOLERANCE_R = 2.0
FEATURE_TOLERANCE_X = 2.0
FEATURE_TOLERANCE_Y = 2.0
FEATURE_TOLERANCE_Z = 2.0
GENERATE_CONFORMERS = False
HYPOTHESES_KEPT_PER_FEATURE_SIZE = 10
HYPOTHESIS_DIFFERENCE_CRITERIA = 0.5
INPUT_STRUCTURE_FILE = phase_pharm_1.maegz
LIGAND_PERCEPTION = stereo
NUMBER_FEATURES_PER_HYPOTHESIS = [4, 5]
PREFERRED_MIN_SITES = 5
REQUIRED_MATCH_FRACTION = 0.5
SCORE_WEIGHT_BEDROC = 1.0
SCORE_WEIGHT_INACTIVE = 1.0
SCORE_WEIGHT_LOG_MATCH = 1.0
SCORE_WEIGHT_SELECTIVITY = 1.0
SCORE_WEIGHT_SITE = 1.0
SCORE_WEIGHT_SURVIVAL = 0.06
SCORE_WEIGHT_VECTOR = 1.0
SCORE_WEIGHT_VOLUME = 1.0
USE_FAST_SCORING = True
USE_LIGAND_GROUPING = True
USE_PREALIGNED_LIGANDS = True
USE_STEREO = True
USE_TITLES = False
--------------------------------------

Starting up common pharmacophore workflow...
Jobname: phase_pharm_1


Creating Phase project: phase_pharm_1.phprj
Importing structure(s) into Phase project...
Creating new Phase project...
Total ligands = 25
Assigning active/inactive labels...
Total actives = 5
Total inactives = 6
Applying ligand groupings...
Phase project ligand summary:
 ID  | TITLE        | CONFORMERS | PHARM_SET | GROUP | MUST MATCH
 1   | train01      | 6          | active    | 1     | 0
 2   | train02      | 8          | active    | 2     | 0
 3   | train03      | 13         | active    | 3     | 0
 4   | train04      | 4          | active    | 4     | 0
 5   | train05      | 13         | active    | 5     | 0
 6   | train06      | 6          | none      | 6     | 0
 7   | train07      | 8          | none      | 7     | 0
 8   | train08      | 10         | none      | 8     | 0
 9   | train09      | 5          | none      | 9     | 0
 10  | train10      | 7          | none      | 10    | 0
 11  | train11      | 8          | none      | 11    | 0
 12  | train12      | 11         | none      | 12    | 0
 13  | train13      | 11         | none      | 13    | 0
 14  | train14      | 10         | none      | 14    | 0
 15  | train15      | 6          | none      | 15    | 0
 16  | train16      | 9          | none      | 16    | 0
 17  | train17      | 7          | none      | 17    | 0
 18  | train18      | 10         | none      | 18    | 0
 19  | train19      | 8          | none      | 19    | 0
 20  | train20      | 10         | inactive  | 20    | 0
 21  | train21      | 7          | inactive  | 21    | 0
 22  | train22      | 15         | inactive  | 22    | 0
 23  | train23      | 9          | inactive  | 23    | 0
 24  | train24      | 10         | inactive  | 24    | 0
 25  | train25      | 11         | inactive  | 25    | 0

Loading feature property files...
Adding pharmacophore sites...
Phase project successfully created.

Launching find common pharmacophore hypothesis job...

Running subjobs on hosts:
  localhost (Max: 1)
Number of jobs:       1
Max retries per job:  0
Max allowed failures: 0
Run with -LOCAL:      False
Verbosity:            verbose

Starting JobDJ...

Keep one job on driver host: False
JobDJ columns:
  C: Number of completed subjobs
  A: Number of active subjobs (e.g., submitted, running)
  W: Number of waiting/pending subjobs

C A W | Activity  JobId  JobName  JobHost
- - - | --------- -----------------------
0 1 0 | launched  Davides-MacBook-Pro-0-59dc5868 phase_pharm_1_find_common localhost [Davides-MacBook-Pro]
1 0 0 | finished  Davides-MacBook-Pro-0-59dc5868 phase_pharm_1_find_common localhost [Davides-MacBook-Pro]

All jobs have completed.

1 of 1 job(s) succeeded; 0 job(s) failed.


phase_find_common job completed.
1 hypotheses created.
Common pharmacophore hypothesis job completed.

USE_FAST_SCORING: sorting results by "survival"
Current time: Tue Oct 10 01:19:59 2017
Elapsed time: 0:00:38.621140

Develop common pharmacophore workflow successful.
