COMMAND:
 /opt/schrodinger/suites2017-3/epik-v4.1/bin/Darwin-x86_64/epik_app -imae /Users/davideprovasi/Desktop/CADD17/CADD_new_material/Tutorials/01-Protein_preparation/CADD_tutorial_01/prepwizard_workdir/prepwizard-epik.mae -omae prepwizard-epik-out.mae -ms 10 -ph 7.0 -pht 3.0 -cg 0.3 0.3 -retain_i -metal_binding
SCHRODINGER: /opt/schrodinger/suites2017-3

Running Epik version     4.1016
Epik. Copyright Schrodinger, LLC. All rights reserved.

Input file name:                        /Users/davideprovasi/Desktop/CADD17/CADD_new_material/Tutorials/01-Protein_preparation/CADD_tutorial_01/prepwizard_workdir/prepwizard-epik.mae
Output file name:                       prepwizard-epik-out.mae
Maximum number of states set to: 10
Structure adjustment calculation requested.
  Target pH set to 7.000
pHt tolerance set to 3.000000e+00
Both connectivity and geometry used in determining redundant structures.
  Structures are distinct if: 
    any position differs by more than 3.000000e-01
    the rms difference in positions is larger than 3.000000e-01
Retain ionization state turned on
Metal binding mode turned on.

Adjusting structures for pH 7.000000e+00 and minimum probability 1.000000e-03
Solvent model name:                     water
[running at reduced cpu priority]
JobID:                                  davides-mbp-0-59cad709
---------------------------
Processing Input Structure #1
        Title: 
                                              Calculated pKas
                                                 Conjugate
                                          Atom   Acid/Base  pKa
. . . . . . . . . . . . . . . . . . . . . . .
Variation: 1
                                            37   Conj_Acid 12.44
                                            39   Conj_Acid 12.23
                                            30   Conj_Acid  2.86
                                            31   Conj_Acid  2.86
                                            32   Conj_Acid  3.10
                                            20   Conj_Base  2.37
                                            27   Conj_Base  2.62
                                            23   Conj_Base -1.51
                                            45   Conj_Acid 12.79
                                            46   Conj_Acid 12.79
                                            14   Conj_Base -1.96
                                            16   Conj_Base -2.12
 pKa penalty:                                10.97 kcal/mol
     Charging penalty:                        0.00 kcal/mol
     Neutralization penalty:                 10.97 kcal/mol
 Overall Penalty (tautomerization included): 12.79 kcal/mol
 Total Charge: 0
 Metal Penalty:                              12.79 kcal/mol
 Chemistry Notes:   This compound contains an acetal/aminal-like group ( X-CH(R)-Y where X, Y are N, S, or O) that may be acid/base labile, releasing an aldehyde.
. . . . . . . . . . . . . . . . . . . . . . .
Variation: 2
                                            35   Conj_Acid 12.62
                                            37   Conj_Acid 12.23
                                            30   Conj_Acid  6.27
                                             1   Conj_Base  3.33
                                             7   Conj_Base  3.33
                                            20   Conj_Base  2.37
                                            27   Conj_Base  2.62
                                            23   Conj_Base -1.51
                                            43   Conj_Acid 12.79
                                            44   Conj_Acid 12.79
                                            14   Conj_Base -1.83
                                            16   Conj_Base -2.12
 pKa penalty:                                 1.09 kcal/mol
     Charging penalty:                        0.00 kcal/mol
     Neutralization penalty:                  1.09 kcal/mol
 Overall Penalty (tautomerization included):  1.88 kcal/mol
 Total Charge: -2
 Metal Penalty:                               1.88 kcal/mol
 Chemistry Notes:   This compound contains an acetal/aminal-like group ( X-CH(R)-Y where X, Y are N, S, or O) that may be acid/base labile, releasing an aldehyde.
. . . . . . . . . . . . . . . . . . . . . . .
Variation: 3
                                            35   Conj_Acid 12.62
                                            37   Conj_Acid 12.23
                                            30   Conj_Acid  6.27
                                             3   Conj_Base  3.33
                                             7   Conj_Base  3.33
                                            20   Conj_Base  2.37
                                            27   Conj_Base  2.62
                                            23   Conj_Base -1.51
                                            43   Conj_Acid 12.79
                                            44   Conj_Acid 12.79
                                            14   Conj_Base -1.83
                                            16   Conj_Base -2.12
 pKa penalty:                                 1.09 kcal/mol
     Charging penalty:                        0.00 kcal/mol
     Neutralization penalty:                  1.09 kcal/mol
 Overall Penalty (tautomerization included):  1.88 kcal/mol
 Total Charge: -2
 Metal Penalty:                               1.88 kcal/mol
 Chemistry Notes:   This compound contains an acetal/aminal-like group ( X-CH(R)-Y where X, Y are N, S, or O) that may be acid/base labile, releasing an aldehyde.
. . . . . . . . . . . . . . . . . . . . . . .
Variation: 4
                                            34   Conj_Acid 12.62
                                            36   Conj_Acid 12.23
                                             1   Conj_Base  6.27
                                             3   Conj_Base  6.27
                                             7   Conj_Base  4.26
                                            20   Conj_Base  2.37
                                            27   Conj_Base  2.62
                                            23   Conj_Base -1.51
                                            42   Conj_Acid 12.79
                                            43   Conj_Acid 12.79
                                            14   Conj_Base -1.83
                                            16   Conj_Base -2.12
 pKa penalty:                                 0.10 kcal/mol
     Charging penalty:                        0.10 kcal/mol
     Neutralization penalty:                  0.00 kcal/mol
 Overall Penalty (tautomerization included):  0.82 kcal/mol
 Total Charge: -3
 Metal Penalty:                               0.82 kcal/mol
 Chemistry Notes:   This compound contains an acetal/aminal-like group ( X-CH(R)-Y where X, Y are N, S, or O) that may be acid/base labile, releasing an aldehyde.
. . . . . . . . . . . . . . . . . . . . . . .
Variation: 5
                                            34   Conj_Acid 12.62
                                            36   Conj_Acid 12.23
                                            44   Conj_Acid  6.27
                                             3   Conj_Base  3.33
                                             7   Conj_Base  3.33
                                            20   Conj_Base  2.37
                                            27   Conj_Base  2.62
                                            23   Conj_Base -1.51
                                            42   Conj_Acid 12.79
                                            43   Conj_Acid 12.79
                                            14   Conj_Base -1.83
                                            16   Conj_Base -2.12
 pKa penalty:                                 1.09 kcal/mol
     Charging penalty:                        0.00 kcal/mol
     Neutralization penalty:                  1.09 kcal/mol
 Overall Penalty (tautomerization included):  1.88 kcal/mol
 Total Charge: -2
 Metal Penalty:                               1.88 kcal/mol
 Chemistry Notes:   This compound contains an acetal/aminal-like group ( X-CH(R)-Y where X, Y are N, S, or O) that may be acid/base labile, releasing an aldehyde.
. . . . . . . . . . . . . . . . . . . . . . .
Variation: 6
                                            34   Conj_Acid 12.62
                                            36   Conj_Acid 12.23
                                            44   Conj_Acid  6.27
                                             1   Conj_Base  3.33
                                             7   Conj_Base  3.33
                                            20   Conj_Base  2.37
                                            27   Conj_Base  2.62
                                            23   Conj_Base -1.51
                                            42   Conj_Acid 12.79
                                            43   Conj_Acid 12.79
                                            14   Conj_Base -1.83
                                            16   Conj_Base -2.12
 pKa penalty:                                 1.09 kcal/mol
     Charging penalty:                        0.00 kcal/mol
     Neutralization penalty:                  1.09 kcal/mol
 Overall Penalty (tautomerization included):  1.88 kcal/mol
 Total Charge: -2
 Metal Penalty:                               1.88 kcal/mol
 Chemistry Notes:   This compound contains an acetal/aminal-like group ( X-CH(R)-Y where X, Y are N, S, or O) that may be acid/base labile, releasing an aldehyde.
. . . . . . . . . . . . . . . . . . . . . . .
Variation: 7
                                            34   Conj_Acid 12.62
                                            36   Conj_Acid 12.23
                                             1   Conj_Base  6.27
                                             3   Conj_Base  6.27
                                             7   Conj_Base  4.26
                                            20   Conj_Base  2.37
                                            27   Conj_Base  2.62
                                            23   Conj_Base -1.51
                                            42   Conj_Acid 12.79
                                            43   Conj_Acid 12.79
                                            14   Conj_Base -1.83
                                            16   Conj_Base -2.12
 pKa penalty:                                 0.10 kcal/mol
     Charging penalty:                        0.10 kcal/mol
     Neutralization penalty:                  0.00 kcal/mol
 Overall Penalty (tautomerization included):  0.82 kcal/mol
 Total Charge: -3
 Metal Penalty:                               0.82 kcal/mol
 Chemistry Notes:   This compound contains an acetal/aminal-like group ( X-CH(R)-Y where X, Y are N, S, or O) that may be acid/base labile, releasing an aldehyde.
. . . . . . . . . . . . . . . . . . . . . . .
Variation: 8
                                            34   Conj_Acid 12.62
                                            36   Conj_Acid 12.23
                                            44   Conj_Acid  6.27
                                             3   Conj_Base  3.33
                                             7   Conj_Base  3.33
                                            20   Conj_Base  2.37
                                            27   Conj_Base  2.62
                                            23   Conj_Base -1.51
                                            42   Conj_Acid 12.79
                                            43   Conj_Acid 12.79
                                            14   Conj_Base -1.83
                                            16   Conj_Base -2.12
 pKa penalty:                                 1.09 kcal/mol
     Charging penalty:                        0.00 kcal/mol
     Neutralization penalty:                  1.09 kcal/mol
 Overall Penalty (tautomerization included):  1.88 kcal/mol
 Total Charge: -2
 Metal Penalty:                               1.88 kcal/mol
 Chemistry Notes:   This compound contains an acetal/aminal-like group ( X-CH(R)-Y where X, Y are N, S, or O) that may be acid/base labile, releasing an aldehyde.
. . . . . . . . . . . . . . . . . . . . . . .
Variation: 9
                                            34   Conj_Acid 12.62
                                            36   Conj_Acid 12.23
                                            44   Conj_Acid  6.27
                                             1   Conj_Base  3.33
                                             7   Conj_Base  3.33
                                            20   Conj_Base  2.37
                                            27   Conj_Base  2.62
                                            23   Conj_Base -1.51
                                            42   Conj_Acid 12.79
                                            43   Conj_Acid 12.79
                                            14   Conj_Base -1.83
                                            16   Conj_Base -2.12
 pKa penalty:                                 1.09 kcal/mol
     Charging penalty:                        0.00 kcal/mol
     Neutralization penalty:                  1.09 kcal/mol
 Overall Penalty (tautomerization included):  1.88 kcal/mol
 Total Charge: -2
 Metal Penalty:                               1.88 kcal/mol
 Chemistry Notes:   This compound contains an acetal/aminal-like group ( X-CH(R)-Y where X, Y are N, S, or O) that may be acid/base labile, releasing an aldehyde.
. . . . . . . . . . . . . . . . . . . . . . .
Variation: 10
                                            34   Conj_Acid 12.62
                                            36   Conj_Acid 12.23
                                             1   Conj_Base  6.27
                                             3   Conj_Base  6.27
                                             7   Conj_Base  4.26
                                            20   Conj_Base  2.37
                                            27   Conj_Base  2.62
                                            23   Conj_Base -1.51
                                            42   Conj_Acid 12.79
                                            43   Conj_Acid 12.79
                                            14   Conj_Base -1.83
                                            16   Conj_Base -2.12
 pKa penalty:                                 0.10 kcal/mol
     Charging penalty:                        0.10 kcal/mol
     Neutralization penalty:                  0.00 kcal/mol
 Overall Penalty (tautomerization included):  0.82 kcal/mol
 Total Charge: -3
 Metal Penalty:                               0.82 kcal/mol
 Chemistry Notes:   This compound contains an acetal/aminal-like group ( X-CH(R)-Y where X, Y are N, S, or O) that may be acid/base labile, releasing an aldehyde.
---------------------------

real	0m13.788s
user	0m12.695s
sys	0m0.324s
